{
    "Reservations": [
        {
            "ReservationId": "r-0e3084f0ba29e19f0",
            "OwnerId": "910997299252",
            "Groups": [],
            "Instances": [
                {
                    "Architecture": "x86_64",
                    "BlockDeviceMappings": [
                        {
                            "DeviceName": "/dev/xvda",
                            "Ebs": {
                                "AttachTime": "2025-03-15T16:06:48+00:00",
                                "DeleteOnTermination": true,
                                "Status": "attached",
                                "VolumeId": "vol-00eac55a44a6d6a2c"
                            }
                        }
                    ],
                    "ClientToken": "8b6eb126-d8c3-4335-be85-d10a0bfd81ed",
                    "EbsOptimized": false,
                    "EnaSupport": true,
                    "Hypervisor": "xen",
                    "NetworkInterfaces": [
                        {
                            "Association": {
                                "IpOwnerId": "910997299252",
                                "PublicDnsName": "ec2-13-200-161-80.ap-south-1.compute.amazonaws.com",
                                "PublicIp": "13.200.161.80"
                            },
                            "Attachment": {
                                "AttachTime": "2025-03-15T16:06:48+00:00",
                                "AttachmentId": "eni-attach-0756af6956a24de74",
                                "DeleteOnTermination": true,
                                "DeviceIndex": 0,
                                "Status": "attached",
                                "NetworkCardIndex": 0
                            },
                            "Description": "",
                            "Groups": [
                                {
                                    "GroupId": "sg-0ff50e86b640251e6",
                                    "GroupName": "launch-wizard-2"
                                }
                            ],
                            "Ipv6Addresses": [],
                            "MacAddress": "02:73:2a:7f:67:ff",
                            "NetworkInterfaceId": "eni-09c241532a4cf48da",
                            "OwnerId": "910997299252",
                            "PrivateDnsName": "ip-172-31-83-110.ap-south-1.compute.internal",
                            "PrivateIpAddress": "172.31.83.110",
                            "PrivateIpAddresses": [
                                {
                                    "Association": {
                                        "IpOwnerId": "910997299252",
                                        "PublicDnsName": "ec2-13-200-161-80.ap-south-1.compute.amazonaws.com",
                                        "PublicIp": "13.200.161.80"
                                    },
                                    "Primary": true,
                                    "PrivateDnsName": "ip-172-31-83-110.ap-south-1.compute.internal",
                                    "PrivateIpAddress": "172.31.83.110"
                                }
                            ],
                            "SourceDestCheck": true,
                            "Status": "in-use",
                            "SubnetId": "subnet-09a60f6e87765d543",
                            "VpcId": "vpc-0f2bba1e7ca95a7b7",
                            "InterfaceType": "interface",
                            "Operator": {
                                "Managed": false
                            }
                        }
                    ],
                    "RootDeviceName": "/dev/xvda",
                    "RootDeviceType": "ebs",
                    "SecurityGroups": [
                        {
                            "GroupId": "sg-0ff50e86b640251e6",
                            "GroupName": "launch-wizard-2"
                        }
                    ],
                    "SourceDestCheck": true,
                    "Tags": [
                        {
                            "Key": "Name",
                            "Value": "Web Server 1"
                        }
                    ],
                    "VirtualizationType": "hvm",
                    "CpuOptions": {
                        "CoreCount": 1,
                        "ThreadsPerCore": 1
                    },
                    "CapacityReservationSpecification": {
                        "CapacityReservationPreference": "open"
                    },
                    "HibernationOptions": {
                        "Configured": false
                    },
                    "MetadataOptions": {
                        "State": "applied",
                        "HttpTokens": "required",
                        "HttpPutResponseHopLimit": 2,
                        "HttpEndpoint": "enabled",
                        "HttpProtocolIpv6": "disabled",
                        "InstanceMetadataTags": "disabled"
                    },
                    "EnclaveOptions": {
                        "Enabled": false
                    },
                    "BootMode": "uefi-preferred",
                    "PlatformDetails": "Linux/UNIX",
                    "UsageOperation": "RunInstances",
                    "UsageOperationUpdateTime": "2025-03-15T16:06:48+00:00",
                    "PrivateDnsNameOptions": {
                        "HostnameType": "ip-name",
                        "EnableResourceNameDnsARecord": false,
                        "EnableResourceNameDnsAAAARecord": false
                    },
                    "MaintenanceOptions": {
                        "AutoRecovery": "default"
                    },
                    "CurrentInstanceBootMode": "legacy-bios",
                    "NetworkPerformanceOptions": {
                        "BandwidthWeighting": "default"
                    },
                    "Operator": {
                        "Managed": false
                    },
                    "InstanceId": "i-0f55a5a1d265aaacc",
                    "ImageId": "ami-05c179eced2eb9b5b",
                    "State": {
                        "Code": 16,
                        "Name": "running"
                    },
                    "PrivateDnsName": "ip-172-31-83-110.ap-south-1.compute.internal",
                    "PublicDnsName": "ec2-13-200-161-80.ap-south-1.compute.amazonaws.com",
                    "StateTransitionReason": "",
                    "KeyName": "MyAWSKey",
                    "AmiLaunchIndex": 0,
                    "ProductCodes": [],
                    "InstanceType": "t2.micro",
                    "LaunchTime": "2025-03-21T08:56:44+00:00",
                    "Placement": {
                        "GroupName": "",
                        "Tenancy": "default",
                        "AvailabilityZone": "ap-south-1a"
                    },
                    "Monitoring": {
                        "State": "disabled"
                    },
                    "SubnetId": "subnet-09a60f6e87765d543",
                    "VpcId": "vpc-0f2bba1e7ca95a7b7",
                    "PrivateIpAddress": "172.31.83.110",
                    "PublicIpAddress": "13.200.161.80"
                }
            ]
        },
        {
            "ReservationId": "r-09b62fc0870b4b33b",
            "OwnerId": "910997299252",
            "Groups": [],
            "Instances": [
                {
                    "Architecture": "x86_64",
                    "BlockDeviceMappings": [
                        {
                            "DeviceName": "/dev/xvda",
                            "Ebs": {
                                "AttachTime": "2025-03-15T16:08:07+00:00",
                                "DeleteOnTermination": true,
                                "Status": "attached",
                                "VolumeId": "vol-0920ff8037ea31db3"
                            }
                        }
                    ],
                    "ClientToken": "cb39db94-2ce7-4cf0-90ca-ee456a4e1f88",
                    "EbsOptimized": false,
                    "EnaSupport": true,
                    "Hypervisor": "xen",
                    "NetworkInterfaces": [
                        {
                            "Association": {
                                "IpOwnerId": "910997299252",
                                "PublicDnsName": "ec2-3-6-77-34.ap-south-1.compute.amazonaws.com",
                                "PublicIp": "3.6.77.34"
                            },
                            "Attachment": {
                                "AttachTime": "2025-03-15T16:08:07+00:00",
                                "AttachmentId": "eni-attach-0a3589a6963491b2d",
                                "DeleteOnTermination": true,
                                "DeviceIndex": 0,
                                "Status": "attached",
                                "NetworkCardIndex": 0
                            },
                            "Description": "",
                            "Groups": [
                                {
                                    "GroupId": "sg-01e7b5a4c74726774",
                                    "GroupName": "launch-wizard-3"
                                }
                            ],
                            "Ipv6Addresses": [],
                            "MacAddress": "0a:0c:4f:ef:b2:51",
                            "NetworkInterfaceId": "eni-0faa1a09ebebb1d78",
                            "OwnerId": "910997299252",
                            "PrivateDnsName": "ip-172-31-101-3.ap-south-1.compute.internal",
                            "PrivateIpAddress": "172.31.101.3",
                            "PrivateIpAddresses": [
                                {
                                    "Association": {
                                        "IpOwnerId": "910997299252",
                                        "PublicDnsName": "ec2-3-6-77-34.ap-south-1.compute.amazonaws.com",
                                        "PublicIp": "3.6.77.34"
                                    },
                                    "Primary": true,
                                    "PrivateDnsName": "ip-172-31-101-3.ap-south-1.compute.internal",
                                    "PrivateIpAddress": "172.31.101.3"
                                }
                            ],
                            "SourceDestCheck": true,
                            "Status": "in-use",
                            "SubnetId": "subnet-0b01a4ba9ed82b19f",
                            "VpcId": "vpc-0f2bba1e7ca95a7b7",
                            "InterfaceType": "interface",
                            "Operator": {
                                "Managed": false
                            }
                        }
                    ],
                    "RootDeviceName": "/dev/xvda",
                    "RootDeviceType": "ebs",
                    "SecurityGroups": [
                        {
                            "GroupId": "sg-01e7b5a4c74726774",
                            "GroupName": "launch-wizard-3"
                        }
                    ],
                    "SourceDestCheck": true,
                    "Tags": [
                        {
                            "Key": "Name",
                            "Value": "Web Server 2"
                        }
                    ],
                    "VirtualizationType": "hvm",
                    "CpuOptions": {
                        "CoreCount": 1,
                        "ThreadsPerCore": 1
                    },
                    "CapacityReservationSpecification": {
                        "CapacityReservationPreference": "open"
                    },
                    "HibernationOptions": {
                        "Configured": false
                    },
                    "MetadataOptions": {
                        "State": "applied",
                        "HttpTokens": "required",
                        "HttpPutResponseHopLimit": 2,
                        "HttpEndpoint": "enabled",
                        "HttpProtocolIpv6": "disabled",
                        "InstanceMetadataTags": "disabled"
                    },
                    "EnclaveOptions": {
                        "Enabled": false
                    },
                    "BootMode": "uefi-preferred",
                    "PlatformDetails": "Linux/UNIX",
                    "UsageOperation": "RunInstances",
                    "UsageOperationUpdateTime": "2025-03-15T16:08:07+00:00",
                    "PrivateDnsNameOptions": {
                        "HostnameType": "ip-name",
                        "EnableResourceNameDnsARecord": false,
                        "EnableResourceNameDnsAAAARecord": false
                    },
                    "MaintenanceOptions": {
                        "AutoRecovery": "default"
                    },
                    "CurrentInstanceBootMode": "legacy-bios",
                    "NetworkPerformanceOptions": {
                        "BandwidthWeighting": "default"
                    },
                    "Operator": {
                        "Managed": false
                    },
                    "InstanceId": "i-07cf8fd772c6b3e9a",
                    "ImageId": "ami-05c179eced2eb9b5b",
                    "State": {
                        "Code": 16,
                        "Name": "running"
                    },
                    "PrivateDnsName": "ip-172-31-101-3.ap-south-1.compute.internal",
                    "PublicDnsName": "ec2-3-6-77-34.ap-south-1.compute.amazonaws.com",
                    "StateTransitionReason": "",
                    "KeyName": "MyAWSKey",
                    "AmiLaunchIndex": 0,
                    "ProductCodes": [],
                    "InstanceType": "t2.micro",
                    "LaunchTime": "2025-03-15T16:08:07+00:00",
                    "Placement": {
                        "GroupName": "",
                        "Tenancy": "default",
                        "AvailabilityZone": "ap-south-1b"
                    },
                    "Monitoring": {
                        "State": "disabled"
                    },
                    "SubnetId": "subnet-0b01a4ba9ed82b19f",
                    "VpcId": "vpc-0f2bba1e7ca95a7b7",
                    "PrivateIpAddress": "172.31.101.3",
                    "PublicIpAddress": "3.6.77.34"
                }
            ]
        }
    ]
}
{
    "Reservations": [
        {
            "ReservationId": "r-0e3084f0ba29e19f0",
            "OwnerId": "910997299252",
            "Groups": [],
            "Instances": [
                {
                    "Architecture": "x86_64",
                    "BlockDeviceMappings": [
                        {
                            "DeviceName": "/dev/xvda",
                            "Ebs": {
                                "AttachTime": "2025-03-15T16:06:48+00:00",
                                "DeleteOnTermination": true,
                                "Status": "attached",
                                "VolumeId": "vol-00eac55a44a6d6a2c"
                            }
                        }
                    ],
                    "ClientToken": "8b6eb126-d8c3-4335-be85-d10a0bfd81ed",
                    "EbsOptimized": false,
                    "EnaSupport": true,
                    "Hypervisor": "xen",
                    "NetworkInterfaces": [
                        {
                            "Association": {
                                "IpOwnerId": "910997299252",
                                "PublicDnsName": "ec2-13-200-161-80.ap-south-1.compute.amazonaws.com",
                                "PublicIp": "13.200.161.80"
                            },
                            "Attachment": {
                                "AttachTime": "2025-03-15T16:06:48+00:00",
                                "AttachmentId": "eni-attach-0756af6956a24de74",
                                "DeleteOnTermination": true,
                                "DeviceIndex": 0,
                                "Status": "attached",
                                "NetworkCardIndex": 0
                            },
                            "Description": "",
                            "Groups": [
                                {
                                    "GroupId": "sg-0ff50e86b640251e6",
                                    "GroupName": "launch-wizard-2"
                                }
                            ],
                            "Ipv6Addresses": [],
                            "MacAddress": "02:73:2a:7f:67:ff",
                            "NetworkInterfaceId": "eni-09c241532a4cf48da",
                            "OwnerId": "910997299252",
                            "PrivateDnsName": "ip-172-31-83-110.ap-south-1.compute.internal",
                            "PrivateIpAddress": "172.31.83.110",
                            "PrivateIpAddresses": [
                                {
                                    "Association": {
                                        "IpOwnerId": "910997299252",
                                        "PublicDnsName": "ec2-13-200-161-80.ap-south-1.compute.amazonaws.com",
                                        "PublicIp": "13.200.161.80"
                                    },
                                    "Primary": true,
                                    "PrivateDnsName": "ip-172-31-83-110.ap-south-1.compute.internal",
                                    "PrivateIpAddress": "172.31.83.110"
                                }
                            ],
                            "SourceDestCheck": true,
                            "Status": "in-use",
                            "SubnetId": "subnet-09a60f6e87765d543",
                            "VpcId": "vpc-0f2bba1e7ca95a7b7",
                            "InterfaceType": "interface",
                            "Operator": {
                                "Managed": false
                            }
                        }
                    ],
                    "RootDeviceName": "/dev/xvda",
                    "RootDeviceType": "ebs",
                    "SecurityGroups": [
                        {
                            "GroupId": "sg-0ff50e86b640251e6",
                            "GroupName": "launch-wizard-2"
                        }
                    ],
                    "SourceDestCheck": true,
                    "Tags": [
                        {
                            "Key": "Name",
                            "Value": "Web Server 1"
                        }
                    ],
                    "VirtualizationType": "hvm",
                    "CpuOptions": {
                        "CoreCount": 1,
                        "ThreadsPerCore": 1
                    },
                    "CapacityReservationSpecification": {
                        "CapacityReservationPreference": "open"
                    },
                    "HibernationOptions": {
                        "Configured": false
                    },
                    "MetadataOptions": {
                        "State": "applied",
                        "HttpTokens": "required",
                        "HttpPutResponseHopLimit": 2,
                        "HttpEndpoint": "enabled",
                        "HttpProtocolIpv6": "disabled",
                        "InstanceMetadataTags": "disabled"
                    },
                    "EnclaveOptions": {
                        "Enabled": false
                    },
                    "BootMode": "uefi-preferred",
                    "PlatformDetails": "Linux/UNIX",
                    "UsageOperation": "RunInstances",
                    "UsageOperationUpdateTime": "2025-03-15T16:06:48+00:00",
                    "PrivateDnsNameOptions": {
                        "HostnameType": "ip-name",
                        "EnableResourceNameDnsARecord": false,
                        "EnableResourceNameDnsAAAARecord": false
                    },
                    "MaintenanceOptions": {
                        "AutoRecovery": "default"
                    },
                    "CurrentInstanceBootMode": "legacy-bios",
                    "NetworkPerformanceOptions": {
                        "BandwidthWeighting": "default"
                    },
                    "Operator": {
                        "Managed": false
                    },
                    "InstanceId": "i-0f55a5a1d265aaacc",
                    "ImageId": "ami-05c179eced2eb9b5b",
                    "State": {
                        "Code": 16,
                        "Name": "running"
                    },
                    "PrivateDnsName": "ip-172-31-83-110.ap-south-1.compute.internal",
                    "PublicDnsName": "ec2-13-200-161-80.ap-south-1.compute.amazonaws.com",
                    "StateTransitionReason": "",
                    "KeyName": "MyAWSKey",
                    "AmiLaunchIndex": 0,
                    "ProductCodes": [],
                    "InstanceType": "t2.micro",
                    "LaunchTime": "2025-03-21T08:56:44+00:00",
                    "Placement": {
                        "GroupName": "",
                        "Tenancy": "default",
                        "AvailabilityZone": "ap-south-1a"
                    },
                    "Monitoring": {
                        "State": "disabled"
                    },
                    "SubnetId": "subnet-09a60f6e87765d543",
                    "VpcId": "vpc-0f2bba1e7ca95a7b7",
                    "PrivateIpAddress": "172.31.83.110",
                    "PublicIpAddress": "13.200.161.80"
                }
            ]
        },
        {
            "ReservationId": "r-09b62fc0870b4b33b",
            "OwnerId": "910997299252",
            "Groups": [],
            "Instances": [
                {
                    "Architecture": "x86_64",
                    "BlockDeviceMappings": [
                        {
                            "DeviceName": "/dev/xvda",
                            "Ebs": {
                                "AttachTime": "2025-03-15T16:08:07+00:00",
                                "DeleteOnTermination": true,
                                "Status": "attached",
                                "VolumeId": "vol-0920ff8037ea31db3"
                            }
                        }
                    ],
                    "ClientToken": "cb39db94-2ce7-4cf0-90ca-ee456a4e1f88",
                    "EbsOptimized": false,
                    "EnaSupport": true,
                    "Hypervisor": "xen",
                    "NetworkInterfaces": [
                        {
                            "Association": {
                                "IpOwnerId": "910997299252",
                                "PublicDnsName": "ec2-3-6-77-34.ap-south-1.compute.amazonaws.com",
                                "PublicIp": "3.6.77.34"
                            },
                            "Attachment": {
                                "AttachTime": "2025-03-15T16:08:07+00:00",
                                "AttachmentId": "eni-attach-0a3589a6963491b2d",
                                "DeleteOnTermination": true,
                                "DeviceIndex": 0,
                                "Status": "attached",
                                "NetworkCardIndex": 0
                            },
                            "Description": "",
                            "Groups": [
                                {
                                    "GroupId": "sg-01e7b5a4c74726774",
                                    "GroupName": "launch-wizard-3"
                                }
                            ],
                            "Ipv6Addresses": [],
                            "MacAddress": "0a:0c:4f:ef:b2:51",
                            "NetworkInterfaceId": "eni-0faa1a09ebebb1d78",
                            "OwnerId": "910997299252",
                            "PrivateDnsName": "ip-172-31-101-3.ap-south-1.compute.internal",
                            "PrivateIpAddress": "172.31.101.3",
                            "PrivateIpAddresses": [
                                {
                                    "Association": {
                                        "IpOwnerId": "910997299252",
                                        "PublicDnsName": "ec2-3-6-77-34.ap-south-1.compute.amazonaws.com",
                                        "PublicIp": "3.6.77.34"
                                    },
                                    "Primary": true,
                                    "PrivateDnsName": "ip-172-31-101-3.ap-south-1.compute.internal",
                                    "PrivateIpAddress": "172.31.101.3"
                                }
                            ],
                            "SourceDestCheck": true,
                            "Status": "in-use",
                            "SubnetId": "subnet-0b01a4ba9ed82b19f",
                            "VpcId": "vpc-0f2bba1e7ca95a7b7",
                            "InterfaceType": "interface",
                            "Operator": {
                                "Managed": false
                            }
                        }
                    ],
                    "RootDeviceName": "/dev/xvda",
                    "RootDeviceType": "ebs",
                    "SecurityGroups": [
                        {
                            "GroupId": "sg-01e7b5a4c74726774",
                            "GroupName": "launch-wizard-3"
                        }
                    ],
                    "SourceDestCheck": true,
                    "Tags": [
                        {
                            "Key": "Name",
                            "Value": "Web Server 2"
                        }
                    ],
                    "VirtualizationType": "hvm",
                    "CpuOptions": {
                        "CoreCount": 1,
                        "ThreadsPerCore": 1
                    },
                    "CapacityReservationSpecification": {
                        "CapacityReservationPreference": "open"
                    },
                    "HibernationOptions": {
                        "Configured": false
                    },
                    "MetadataOptions": {
                        "State": "applied",
                        "HttpTokens": "required",
                        "HttpPutResponseHopLimit": 2,
                        "HttpEndpoint": "enabled",
                        "HttpProtocolIpv6": "disabled",
                        "InstanceMetadataTags": "disabled"
                    },
                    "EnclaveOptions": {
                        "Enabled": false
                    },
                    "BootMode": "uefi-preferred",
                    "PlatformDetails": "Linux/UNIX",
                    "UsageOperation": "RunInstances",
                    "UsageOperationUpdateTime": "2025-03-15T16:08:07+00:00",
                    "PrivateDnsNameOptions": {
                        "HostnameType": "ip-name",
                        "EnableResourceNameDnsARecord": false,
                        "EnableResourceNameDnsAAAARecord": false
                    },
                    "MaintenanceOptions": {
                        "AutoRecovery": "default"
                    },
                    "CurrentInstanceBootMode": "legacy-bios",
                    "NetworkPerformanceOptions": {
                        "BandwidthWeighting": "default"
                    },
                    "Operator": {
                        "Managed": false
                    },
                    "InstanceId": "i-07cf8fd772c6b3e9a",
                    "ImageId": "ami-05c179eced2eb9b5b",
                    "State": {
                        "Code": 16,
                        "Name": "running"
                    },
                    "PrivateDnsName": "ip-172-31-101-3.ap-south-1.compute.internal",
                    "PublicDnsName": "ec2-3-6-77-34.ap-south-1.compute.amazonaws.com",
                    "StateTransitionReason": "",
                    "KeyName": "MyAWSKey",
                    "AmiLaunchIndex": 0,
                    "ProductCodes": [],
                    "InstanceType": "t2.micro",
                    "LaunchTime": "2025-03-15T16:08:07+00:00",
                    "Placement": {
                        "GroupName": "",
                        "Tenancy": "default",
                        "AvailabilityZone": "ap-south-1b"
                    },
                    "Monitoring": {
                        "State": "disabled"
                    },
                    "SubnetId": "subnet-0b01a4ba9ed82b19f",
                    "VpcId": "vpc-0f2bba1e7ca95a7b7",
                    "PrivateIpAddress": "172.31.101.3",
                    "PublicIpAddress": "3.6.77.34"
                }
            ]
        }
    ]
}
